<?xml version="1.0" encoding="UTF-8"?>
<testsuite xmlns:xsi="http://www.w3.org/2001/XMLSchema-instance" xsi:noNamespaceSchemaLocation="https://maven.apache.org/surefire/maven-surefire-plugin/xsd/surefire-test-report.xsd" name="testrunner.TestRunner" time="53.909" tests="6" errors="0" skipped="0" failures="0">
  <properties>
[...]
</properties>
  <testcase name="Verify Order an Item" classname="Order an Item" time="33.781"/>
  <testcase name="Verify Valid User Login" classname="Valid user Login" time="11.758"/>
  <testcase name="Verify the Error message for the Invalid Login" classname="Error message for Invalid login" time="1.769"/>
  <testcase name="Create New User using POST" classname="API Testing with POST" time="3.235"/>
  <testcase name="Verify API response for a specific GET for Single user" classname="API Testing with GET Single User" time="1.162"/>
  <testcase name="Verify API response for a specific GET request Negative Scenario" classname="API Testing with GET Negative Scenario" time="1.164"/>
</testsuite>